<?xml version="1.0" encoding="UTF-8"?>
<!-- Generated by org.testng.reporters.JUnitReportReporter -->
<testsuite hostname="DESKTOP-9SR5OIC" failures="0" tests="6" name="com.ronwinkler.ContextTests" time="37.266" errors="0" timestamp="2023-01-29T11:04:32 CST" skipped="0">
  <testcase classname="com.ronwinkler.ContextTests" name="aboutGraphicShownTest" time="2.933"/>
  <system-out/>
  <testcase classname="com.ronwinkler.ContextTests" name="splashGraphicShownTest" time="7.805"/>
  <system-out/>
  <testcase classname="com.ronwinkler.ContextTests" name="headShotHiddenTest" time="8.084"/>
  <system-out/>
  <testcase classname="com.ronwinkler.ContextTests" name="splashGraphicHiddenTest" time="4.059"/>
  <system-out/>
  <testcase classname="com.ronwinkler.ContextTests" name="aboutGraphicHiddenTest" time="9.232"/>
  <system-out/>
  <testcase classname="com.ronwinkler.ContextTests" name="headShotShownTest" time="5.153"/>
  <system-out/>
</testsuite> <!-- com.ronwinkler.ContextTests -->
