<?xml version="1.0" encoding="UTF-8"?>
<!-- Generated by org.testng.reporters.JUnitReportReporter -->
<testsuite hostname="DESKTOP-9SR5OIC" failures="0" tests="7" name="com.ronwinkler.NavigationTests" time="59.991" errors="0" timestamp="2023-01-29T11:04:32 CST" skipped="0">
  <testcase classname="com.ronwinkler.NavigationTests" name="aboutFooterTest" time="7.890"/>
  <system-out/>
  <testcase classname="com.ronwinkler.NavigationTests" name="homeFooterTest" time="8.739"/>
  <system-out/>
  <testcase classname="com.ronwinkler.NavigationTests" name="contactMenuTest" time="9.428"/>
  <system-out/>
  <testcase classname="com.ronwinkler.NavigationTests" name="contactFooterTest" time="13.487"/>
  <system-out/>
  <testcase classname="com.ronwinkler.NavigationTests" name="projectsFooterTest" time="7.625"/>
  <system-out/>
  <testcase classname="com.ronwinkler.NavigationTests" name="projectsMenuTest" time="5.685"/>
  <system-out/>
  <testcase classname="com.ronwinkler.NavigationTests" name="aboutMenuTest" time="7.137"/>
  <system-out/>
</testsuite> <!-- com.ronwinkler.NavigationTests -->
