<?xml version="1.0" encoding="UTF-8"?>
<!-- Generated by org.testng.reporters.JUnitReportReporter -->
<testsuite hostname="DESKTOP-9SR5OIC" failures="0" tests="7" name="com.ronwinkler.firstClass" time="28.953" errors="0" timestamp="2023-01-28T11:55:52 CST" skipped="0">
  <testcase classname="com.ronwinkler.firstClass" name="secondTest" time="6.364"/>
  <system-out/>
  <testcase classname="com.ronwinkler.firstClass" name="firstTest" time="2.629"/>
  <system-out/>
  <testcase classname="com.ronwinkler.firstClass" name="seventhTest" time="2.751"/>
  <system-out/>
  <testcase classname="com.ronwinkler.firstClass" name="fourthTest" time="2.779"/>
  <system-out/>
  <testcase classname="com.ronwinkler.firstClass" name="fifthTest" time="4.436"/>
  <system-out/>
  <testcase classname="com.ronwinkler.firstClass" name="sixthTest" time="4.999"/>
  <system-out/>
  <testcase classname="com.ronwinkler.firstClass" name="thirdTest" time="4.995"/>
  <system-out/>
</testsuite> <!-- com.ronwinkler.firstClass -->
