<?xml version="1.0" encoding="UTF-8"?>
<!-- Generated by org.testng.reporters.JUnitReportReporter -->
<testsuite hostname="DESKTOP-9SR5OIC" failures="0" tests="2" name="com.ronwinkler.ProjectsCellsTests" time="12.948" errors="0" timestamp="2023-01-29T11:04:32 CST" skipped="0">
  <testcase classname="com.ronwinkler.ProjectsCellsTests" name="ProjectInfoCellsDisplayedTest" time="9.317"/>
  <system-out/>
  <testcase classname="com.ronwinkler.ProjectsCellsTests" name="allProjectCellsDisplayed" time="3.631"/>
  <system-out/>
</testsuite> <!-- com.ronwinkler.ProjectsCellsTests -->
