<?xml version="1.0" encoding="UTF-8"?>
<!-- Generated by org.testng.reporters.JUnitReportReporter -->
<testsuite hostname="DESKTOP-9SR5OIC" failures="0" tests="4" name="com.ronwinkler.ContactFormTests" time="31.482" errors="0" timestamp="2023-01-29T11:04:32 CST" skipped="0">
  <testcase classname="com.ronwinkler.ContactFormTests" name="successfulFormSubmitTest" time="7.744"/>
  <system-out/>
  <testcase classname="com.ronwinkler.ContactFormTests" name="failNameFormSubmitTest" time="10.070"/>
  <system-out/>
  <testcase classname="com.ronwinkler.ContactFormTests" name="failMessageFormSubmitTest" time="9.909"/>
  <system-out/>
  <testcase classname="com.ronwinkler.ContactFormTests" name="failEmailFormSubmitTest" time="3.759"/>
  <system-out/>
</testsuite> <!-- com.ronwinkler.ContactFormTests -->
