<?xml version="1.0" encoding="UTF-8"?>
<!-- Generated by org.testng.reporters.JUnitReportReporter -->
<testsuite hostname="DESKTOP-9SR5OIC" failures="0" tests="17" name="com.ronwinkler.ExternalLinksTests" time="98.689" errors="1" timestamp="2023-01-29T11:04:32 CST" skipped="0">
  <testcase classname="com.ronwinkler.ExternalLinksTests" name="donationFooterTest" time="10.201"/>
  <system-out/>
  <testcase classname="com.ronwinkler.ExternalLinksTests" name="copyEmailTest" time="6.988"/>
  <system-out/>
  <testcase classname="com.ronwinkler.ExternalLinksTests" name="twitterFooterTest" time="12.144"/>
  <system-out/>
  <testcase classname="com.ronwinkler.ExternalLinksTests" name="githubFooterTest" time="6.062"/>
  <system-out/>
  <testcase classname="com.ronwinkler.ExternalLinksTests" name="twitterMenuTest" time="5.103"/>
  <system-out/>
  <testcase classname="com.ronwinkler.ExternalLinksTests" name="linkedinMenuTest" time="2.741">
    <error type="java.util.NoSuchElementException">
      <![CDATA[java.util.NoSuchElementException
at java.base/java.util.LinkedHashMap$LinkedHashIterator.nextNode(LinkedHashMap.java:760)
at java.base/java.util.LinkedHashMap$LinkedKeyIterator.next(LinkedHashMap.java:780)
at com.ronwinkler.pageObjects.HomePage.getChildWindowUrl(HomePage.java:275)
at com.ronwinkler.ExternalLinksTests.linkedinMenuTest(ExternalLinksTests.java:21)
at java.base/jdk.internal.reflect.NativeMethodAccessorImpl.invoke0(Native Method)
at java.base/jdk.internal.reflect.NativeMethodAccessorImpl.invoke(NativeMethodAccessorImpl.java:64)
at java.base/jdk.internal.reflect.DelegatingMethodAccessorImpl.invoke(DelegatingMethodAccessorImpl.java:43)
at java.base/java.lang.reflect.Method.invoke(Method.java:564)
at org.testng.internal.MethodInvocationHelper.invokeMethod(MethodInvocationHelper.java:133)
at org.testng.internal.TestInvoker.invokeMethod(TestInvoker.java:598)
at org.testng.internal.TestInvoker.invokeTestMethod(TestInvoker.java:173)
at org.testng.internal.MethodRunner.runInSequence(MethodRunner.java:46)
at org.testng.internal.TestInvoker$MethodInvocationAgent.invoke(TestInvoker.java:824)
at org.testng.internal.TestInvoker.invokeTestMethods(TestInvoker.java:146)
at org.testng.internal.TestMethodWorker.invokeTestMethods(TestMethodWorker.java:146)
at org.testng.internal.TestMethodWorker.run(TestMethodWorker.java:128)
at java.base/java.util.concurrent.ThreadPoolExecutor.runWorker(ThreadPoolExecutor.java:1130)
at java.base/java.util.concurrent.ThreadPoolExecutor$Worker.run(ThreadPoolExecutor.java:630)
at java.base/java.lang.Thread.run(Thread.java:832)
]]>
    </error>
  </testcase> <!-- linkedinMenuTest -->
  <system-out/>
  <testcase classname="com.ronwinkler.ExternalLinksTests" name="resumeContactTest" time="4.796"/>
  <system-out/>
  <testcase classname="com.ronwinkler.ExternalLinksTests" name="resumeFooterTest" time="5.704"/>
  <system-out/>
  <testcase classname="com.ronwinkler.ExternalLinksTests" name="replitFooterTest" time="5.860"/>
  <system-out/>
  <testcase classname="com.ronwinkler.ExternalLinksTests" name="githubMenuTest" time="3.529"/>
  <system-out/>
  <testcase classname="com.ronwinkler.ExternalLinksTests" name="codepenFooterTest" time="6.712"/>
  <system-out/>
  <testcase classname="com.ronwinkler.ExternalLinksTests" name="twitterContactTest" time="5.926"/>
  <system-out/>
  <testcase classname="com.ronwinkler.ExternalLinksTests" name="replitMenuTest" time="4.621"/>
  <system-out/>
  <testcase classname="com.ronwinkler.ExternalLinksTests" name="linkedinFooterTest" time="5.565"/>
  <system-out/>
  <testcase classname="com.ronwinkler.ExternalLinksTests" name="codepenMenuTest" time="4.249"/>
  <system-out/>
  <testcase classname="com.ronwinkler.ExternalLinksTests" name="linkedinContactTest" time="5.384"/>
  <system-out/>
  <testcase classname="com.ronwinkler.ExternalLinksTests" name="resumeSplashTest" time="3.104"/>
  <system-out/>
</testsuite> <!-- com.ronwinkler.ExternalLinksTests -->
